<?xml version="1.0" encoding="UTF-8"?>
<testng-results ignored="0" total="2" passed="2" failed="0" skipped="0">
  <reporter-output>
  </reporter-output>
  <suite started-at="2024-10-27T16:31:30 CDT" name="Regression" finished-at="2024-10-27T16:31:48 CDT" duration-ms="18327">
    <groups>
      <group name="cucumber">
        <method signature="AbstractTestNGCucumberTests.feature(cucumber.api.testng.CucumberFeatureWrapper)[pri:0, instance:ApplicationTestRunner.Application_Test_Runner@8519cb4]" name="feature" class="cucumber.api.testng.AbstractTestNGCucumberTests"/>
      </group> <!-- cucumber -->
    </groups>
    <test started-at="2024-10-27T16:31:30 CDT" name="Test" finished-at="2024-10-27T16:31:48 CDT" duration-ms="18327">
      <class name="ApplicationTestRunner.Application_Test_Runner">
        <test-method is-config="true" signature="ApplicationStart()[pri:0, instance:ApplicationTestRunner.Application_Test_Runner@8519cb4]" started-at="2024-10-27T16:31:30 CDT" name="ApplicationStart" finished-at="2024-10-27T16:31:33 CDT" duration-ms="3513" status="PASS">
          <reporter-output>
          </reporter-output>
        </test-method> <!-- ApplicationStart -->
        <test-method is-config="true" signature="setUpClass()[pri:0, instance:ApplicationTestRunner.Application_Test_Runner@8519cb4]" started-at="2024-10-27T16:31:33 CDT" name="setUpClass" finished-at="2024-10-27T16:31:33 CDT" duration-ms="408" status="PASS">
          <reporter-output>
          </reporter-output>
        </test-method> <!-- setUpClass -->
        <test-method signature="feature(cucumber.api.testng.CucumberFeatureWrapper)[pri:0, instance:ApplicationTestRunner.Application_Test_Runner@8519cb4]" started-at="2024-10-27T16:31:34 CDT" name="feature" description="Runs Cucumber Feature" data-provider="features" finished-at="2024-10-27T16:31:40 CDT" duration-ms="6142" status="PASS">
          <params>
            <param index="0">
              <value>
                <![CDATA[This is login feature]]>
              </value>
            </param>
          </params>
          <reporter-output>
          </reporter-output>
        </test-method> <!-- feature -->
        <test-method signature="feature(cucumber.api.testng.CucumberFeatureWrapper)[pri:0, instance:ApplicationTestRunner.Application_Test_Runner@8519cb4]" started-at="2024-10-27T16:31:40 CDT" name="feature" description="Runs Cucumber Feature" data-provider="features" finished-at="2024-10-27T16:31:47 CDT" duration-ms="7626" status="PASS">
          <params>
            <param index="0">
              <value>
                <![CDATA[This feature for user registration functionality]]>
              </value>
            </param>
          </params>
          <reporter-output>
          </reporter-output>
        </test-method> <!-- feature -->
        <test-method is-config="true" signature="tearDownClass()[pri:0, instance:ApplicationTestRunner.Application_Test_Runner@8519cb4]" started-at="2024-10-27T16:31:47 CDT" name="tearDownClass" finished-at="2024-10-27T16:31:48 CDT" duration-ms="37" status="PASS">
          <reporter-output>
          </reporter-output>
        </test-method> <!-- tearDownClass -->
        <test-method is-config="true" signature="ApplicationClose()[pri:0, instance:ApplicationTestRunner.Application_Test_Runner@8519cb4]" started-at="2024-10-27T16:31:48 CDT" name="ApplicationClose" finished-at="2024-10-27T16:31:48 CDT" duration-ms="323" status="PASS">
          <reporter-output>
          </reporter-output>
        </test-method> <!-- ApplicationClose -->
      </class> <!-- ApplicationTestRunner.Application_Test_Runner -->
    </test> <!-- Test -->
  </suite> <!-- Regression -->
</testng-results>
